\BOOKMARK [0][-]{chapter.1}{Introduction}{}% 1
\BOOKMARK [1][-]{section.1.1}{Motivation}{chapter.1}% 2
\BOOKMARK [1][-]{section.1.2}{Goals}{chapter.1}% 3
\BOOKMARK [1][-]{section.1.3}{Previous\040work}{chapter.1}% 4
\BOOKMARK [1][-]{section.1.4}{Thesis\040Structure}{chapter.1}% 5
\BOOKMARK [0][-]{chapter.2}{Theoretical\040Background}{}% 6
\BOOKMARK [1][-]{section.2.1}{Basics\040in\040Modelling\040Light\040in\040Computer\040Graphics}{chapter.2}% 7
\BOOKMARK [2][-]{subsection.2.1.1}{Radiometry}{section.2.1}% 8
\BOOKMARK [2][-]{subsection.2.1.2}{Spectral\040Energy}{section.2.1}% 9
\BOOKMARK [2][-]{subsection.2.1.3}{Spectral\040Power}{section.2.1}% 10
\BOOKMARK [2][-]{subsection.2.1.4}{Spectral\040Irradiance}{section.2.1}% 11
\BOOKMARK [2][-]{subsection.2.1.5}{Spectral\040Radiance}{section.2.1}% 12
\BOOKMARK [2][-]{subsection.2.1.6}{BRDF}{section.2.1}% 13
\BOOKMARK [2][-]{subsection.2.1.7}{Wavespectrum\040and\040Colors}{section.2.1}% 14
\BOOKMARK [2][-]{subsection.2.1.8}{Colorspace}{section.2.1}% 15
\BOOKMARK [2][-]{subsection.2.1.9}{Spectral\040Rendering}{section.2.1}% 16
\BOOKMARK [2][-]{subsection.2.1.10}{Rendering\040Equation}{section.2.1}% 17
\BOOKMARK [1][-]{section.2.2}{Wave\040Theory\040for\040Light\040and\040Diffraction}{chapter.2}% 18
\BOOKMARK [2][-]{subsection.2.2.1}{Basics\040in\040Wave\040Theory}{section.2.2}% 19
\BOOKMARK [2][-]{subsection.2.2.2}{Wave\040Interference}{section.2.2}% 20
\BOOKMARK [2][-]{subsection.2.2.3}{Wave\040Coherence}{section.2.2}% 21
\BOOKMARK [2][-]{subsection.2.2.4}{Huygen's\040Principle}{section.2.2}% 22
\BOOKMARK [2][-]{subsection.2.2.5}{Waves\040Diffraction}{section.2.2}% 23
\BOOKMARK [1][-]{section.2.3}{Stam's\040BRDF\040formulation}{chapter.2}% 24
\BOOKMARK [0][-]{chapter.3}{Derivations}{}% 25
\BOOKMARK [1][-]{section.3.1}{Problem\040Statement\040and\040Challenges}{chapter.3}% 26
\BOOKMARK [1][-]{section.3.2}{Approximate\040a\040FT\040by\040a\040DFT}{chapter.3}% 27
\BOOKMARK [2][-]{subsection.3.2.1}{Reproduce\040FT\040by\040DTFT}{section.3.2}% 28
\BOOKMARK [2][-]{subsection.3.2.2}{Spatial\040Coherence\040and\040Windowing}{section.3.2}% 29
\BOOKMARK [2][-]{subsection.3.2.3}{Reproduce\040DTFT\040by\040DFT}{section.3.2}% 30
\BOOKMARK [1][-]{section.3.3}{Adaption\040of\040Stam's\040BRDF\040for\040Discrete\040Height\040Fields}{chapter.3}% 31
\BOOKMARK [2][-]{subsection.3.3.1}{Reflected\040Radiance\040of\040Stam's\040BRDF}{section.3.3}% 32
\BOOKMARK [2][-]{subsection.3.3.2}{Relative\040Reflectance}{section.3.3}% 33
\BOOKMARK [1][-]{section.3.4}{Optimization\040using\040Taylor\040Series}{chapter.3}% 34
\BOOKMARK [1][-]{section.3.5}{Spectral\040Rendering\040using\040DFTs}{chapter.3}% 35
\BOOKMARK [1][-]{section.3.6}{An\040Alternative\040Approach}{chapter.3}% 36
\BOOKMARK [2][-]{subsection.3.6.1}{PQ\040factors}{section.3.6}% 37
\BOOKMARK [2][-]{subsection.3.6.2}{Sinc\040Interpolation\040in\040Frequency\040Domain}{section.3.6}% 38
\BOOKMARK [0][-]{chapter.4}{Evaluation\040and\040Data\040Acquisition}{}% 39
\BOOKMARK [1][-]{section.4.1}{Diffraction\040Gratings}{chapter.4}% 40
\BOOKMARK [1][-]{section.4.2}{Data\040Acquisition}{chapter.4}% 41
\BOOKMARK [1][-]{section.4.3}{Verifications}{chapter.4}% 42
\BOOKMARK [2][-]{subsection.4.3.1}{Numerical\040Comparisons}{section.4.3}% 43
\BOOKMARK [2][-]{subsection.4.3.2}{Virtual\040Testbench}{section.4.3}% 44
\BOOKMARK [0][-]{figure.caption.38}{Bibliography}{}% 45
