This is pdfTeX, Version 3.1415926-2.5-1.40.14 (TeX Live 2013) (format=pdflatex 2013.10.6)  11 NOV 2013 03:02
entering extended mode
 restricted \write18 enabled.
 file:line:error style messages enabled.
 %&-line parsing enabled.
**thesis.tex
(./thesis.tex
LaTeX2e <2011/06/27>
Babel <3.9f> and hyphenation patterns for 78 languages loaded.
(/usr/local/texlive/2013/texmf-dist/tex/latex/base/article.cls
Document Class: article 2007/10/19 v1.4h Standard LaTeX document class
(/usr/local/texlive/2013/texmf-dist/tex/latex/base/size12.clo
File: size12.clo 2007/10/19 v1.4h Standard LaTeX file (size option)
)
\c@part=\count79
\c@section=\count80
\c@subsection=\count81
\c@subsubsection=\count82
\c@paragraph=\count83
\c@subparagraph=\count84
\c@figure=\count85
\c@table=\count86
\abovecaptionskip=\skip41
\belowcaptionskip=\skip42
\bibindent=\dimen102
)
(/usr/local/texlive/2013/texmf-dist/tex/latex/tree-dvips/lingmacros.sty
\c@enums=\count87
\widelabel=\dimen103
\c@tempcnt=\count88
\c@enumsi=\count89
\eeindent=\dimen104
)
(/usr/local/texlive/2013/texmf-dist/tex/latex/tree-dvips/tree-dvips.sty
tree-dvips version .91 of May 16, 1995
\nodemargin=\dimen105
\treelinewidth=\dimen106
\dashlength=\dimen107
\arrowwidth=\dimen108
\arrowlength=\dimen109
\arrowinset=\dimen110
\pos@t=\toks14
\pos@b=\toks15
\pos@l=\toks16
\pos@r=\toks17
\pos@tl=\toks18
\pos@tr=\toks19
\pos@bl=\toks20
\pos@br=\toks21
\@arrow=\count90
\@tempdimc=\dimen111
) (/usr/local/texlive/2013/texmf-dist/tex/latex/amsmath/amsmath.sty
Package: amsmath 2013/01/14 v2.14 AMS math features
\@mathmargin=\skip43

For additional information on amsmath, use the `?' option.
(/usr/local/texlive/2013/texmf-dist/tex/latex/amsmath/amstext.sty
Package: amstext 2000/06/29 v2.01

(/usr/local/texlive/2013/texmf-dist/tex/latex/amsmath/amsgen.sty
File: amsgen.sty 1999/11/30 v2.0
\@emptytoks=\toks22
\ex@=\dimen112
))
(/usr/local/texlive/2013/texmf-dist/tex/latex/amsmath/amsbsy.sty
Package: amsbsy 1999/11/29 v1.2d
\pmbraise@=\dimen113
)
(/usr/local/texlive/2013/texmf-dist/tex/latex/amsmath/amsopn.sty
Package: amsopn 1999/12/14 v2.01 operator names
)
\inf@bad=\count91
LaTeX Info: Redefining \frac on input line 210.
\uproot@=\count92
\leftroot@=\count93
LaTeX Info: Redefining \overline on input line 306.
\classnum@=\count94
\DOTSCASE@=\count95
LaTeX Info: Redefining \ldots on input line 378.
LaTeX Info: Redefining \dots on input line 381.
LaTeX Info: Redefining \cdots on input line 466.
\Mathstrutbox@=\box26
\strutbox@=\box27
\big@size=\dimen114
LaTeX Font Info:    Redeclaring font encoding OML on input line 566.
LaTeX Font Info:    Redeclaring font encoding OMS on input line 567.
\macc@depth=\count96
\c@MaxMatrixCols=\count97
\dotsspace@=\muskip10
\c@parentequation=\count98
\dspbrk@lvl=\count99
\tag@help=\toks23
\row@=\count100
\column@=\count101
\maxfields@=\count102
\andhelp@=\toks24
\eqnshift@=\dimen115
\alignsep@=\dimen116
\tagshift@=\dimen117
\tagwidth@=\dimen118
\totwidth@=\dimen119
\lineht@=\dimen120
\@envbody=\toks25
\multlinegap=\skip44
\multlinetaggap=\skip45
\mathdisplay@stack=\toks26
LaTeX Info: Redefining \[ on input line 2665.
LaTeX Info: Redefining \] on input line 2666.
)
(/usr/local/texlive/2013/texmf-dist/tex/latex/amsfonts/amssymb.sty
Package: amssymb 2013/01/14 v3.01 AMS font symbols

(/usr/local/texlive/2013/texmf-dist/tex/latex/amsfonts/amsfonts.sty
Package: amsfonts 2013/01/14 v3.01 Basic AMSFonts support
\symAMSa=\mathgroup4
\symAMSb=\mathgroup5
LaTeX Font Info:    Overwriting math alphabet `\mathfrak' in version `bold'
(Font)                  U/euf/m/n --> U/euf/b/n on input line 106.
))
(/usr/local/texlive/2013/texmf-dist/tex/latex/psnfss/mathpazo.sty
Package: mathpazo 2005/04/12 PSNFSS-v9.2a Palatino w/ Pazo Math (D.Puga, WaS) 
\symupright=\mathgroup6
)
(/usr/local/texlive/2013/texmf-dist/tex/generic/babel/babel.sty
Package: babel 2013/05/16 v3.9f The Babel package

(/usr/local/texlive/2013/texmf-dist/tex/generic/babel-german/ngermanb.ldf
Language: ngermanb 2008/07/06 v2.6n new German support from the babel system

(/usr/local/texlive/2013/texmf-dist/tex/generic/babel/babel.def
File: babel.def 2013/05/16 v3.9f Babel common definitions
\babel@savecnt=\count103
\U@D=\dimen121
)
\l@naustrian = a dialect from \language\l@ngerman 
Package babel Info: Making " an active character on input line 92.
))
(./thesis.aux (./Chapters/chap1.aux) (./Chapters/chap2.aux)
(./Chapters/chap3.aux) (./Chapters/chap4.aux) (./Chapters/chap5.aux)
(./Chapters/chap6.aux))
\openout1 = `thesis.aux'.

LaTeX Font Info:    Checking defaults for OML/cmm/m/it on input line 13.
LaTeX Font Info:    ... okay on input line 13.
LaTeX Font Info:    Checking defaults for T1/cmr/m/n on input line 13.
LaTeX Font Info:    ... okay on input line 13.
LaTeX Font Info:    Checking defaults for OT1/cmr/m/n on input line 13.
LaTeX Font Info:    ... okay on input line 13.
LaTeX Font Info:    Checking defaults for OMS/cmsy/m/n on input line 13.
LaTeX Font Info:    ... okay on input line 13.
LaTeX Font Info:    Checking defaults for OMX/cmex/m/n on input line 13.
LaTeX Font Info:    ... okay on input line 13.
LaTeX Font Info:    Checking defaults for U/cmr/m/n on input line 13.
LaTeX Font Info:    ... okay on input line 13.
LaTeX Font Info:    Try loading font information for OT1+ppl on input line 13.

(/usr/local/texlive/2013/texmf-dist/tex/latex/psnfss/ot1ppl.fd
File: ot1ppl.fd 2001/06/04 font definitions for OT1/ppl.
)
LaTeX Font Info:    Try loading font information for OML+zplm on input line 17.


(/usr/local/texlive/2013/texmf-dist/tex/latex/psnfss/omlzplm.fd
File: omlzplm.fd 2002/09/08 Fontinst v1.914 font definitions for OML/zplm.
)
LaTeX Font Info:    Try loading font information for OMS+zplm on input line 17.


(/usr/local/texlive/2013/texmf-dist/tex/latex/psnfss/omszplm.fd
File: omszplm.fd 2002/09/08 Fontinst v1.914 font definitions for OMS/zplm.
)
LaTeX Font Info:    Try loading font information for OMX+zplm on input line 17.


(/usr/local/texlive/2013/texmf-dist/tex/latex/psnfss/omxzplm.fd
File: omxzplm.fd 2002/09/08 Fontinst v1.914 font definitions for OMX/zplm.
)
LaTeX Font Info:    Font shape `U/msa/m/n' will be
(Font)              scaled to size 15.0049pt on input line 17.
LaTeX Font Info:    Font shape `U/msa/m/n' will be
(Font)              scaled to size 10.42007pt on input line 17.
LaTeX Font Info:    Font shape `U/msa/m/n' will be
(Font)              scaled to size 8.33606pt on input line 17.
LaTeX Font Info:    Font shape `U/msb/m/n' will be
(Font)              scaled to size 15.0049pt on input line 17.
LaTeX Font Info:    Font shape `U/msb/m/n' will be
(Font)              scaled to size 10.42007pt on input line 17.
LaTeX Font Info:    Font shape `U/msb/m/n' will be
(Font)              scaled to size 8.33606pt on input line 17.
LaTeX Font Info:    Try loading font information for OT1+zplm on input line 17.


(/usr/local/texlive/2013/texmf-dist/tex/latex/psnfss/ot1zplm.fd
File: ot1zplm.fd 2002/09/08 Fontinst v1.914 font definitions for OT1/zplm.
) [1


Non-PDF special ignored!{/usr/local/texlive/2013/texmf-var/fonts/map/pdftex/upd
map/pdftex.map}]
LaTeX Font Info:    Font shape `OT1/ppl/bx/n' in size <17.28> not available
(Font)              Font shape `OT1/ppl/b/n' tried instead on input line 20.
 (./thesis.toc
LaTeX Font Info:    Font shape `OT1/ppl/bx/n' in size <12> not available
(Font)              Font shape `OT1/ppl/b/n' tried instead on input line 2.
LaTeX Font Info:    Font shape `U/msa/m/n' will be
(Font)              scaled to size 12.50409pt on input line 3.
LaTeX Font Info:    Font shape `U/msa/m/n' will be
(Font)              scaled to size 9.37807pt on input line 3.
LaTeX Font Info:    Font shape `U/msa/m/n' will be
(Font)              scaled to size 7.29405pt on input line 3.
LaTeX Font Info:    Font shape `U/msb/m/n' will be
(Font)              scaled to size 12.50409pt on input line 3.
LaTeX Font Info:    Font shape `U/msb/m/n' will be
(Font)              scaled to size 9.37807pt on input line 3.
LaTeX Font Info:    Font shape `U/msb/m/n' will be
(Font)              scaled to size 7.29405pt on input line 3.
 [2

])
\tf@toc=\write3
\openout3 = `thesis.toc'.

 [3]
\openout2 = `Chapters/chap1.aux'.

 (./Chapters/chap1.tex
LaTeX Font Info:    Font shape `OT1/ppl/bx/n' in size <14.4> not available
(Font)              Font shape `OT1/ppl/b/n' tried instead on input line 2.
) [4


]
\openout2 = `Chapters/chap2.aux'.


(./Chapters/chap2.tex [5



] [6]
Overfull \hbox (48.68889pt too wide) in paragraph at lines 107--109
\OT1/ppl/m/n/12 Let us now com-pu-te the Fou-ri-er Trans-for-ma-ti-on of p(x,y)
 form above:$\OMS/zplm/m/n/12 F [] \OT1/zplm/m/n/12 (\OML/zplm/m/it/12 u\OT1/pp
l/m/n/12 , \OML/zplm/m/it/12 v\OT1/zplm/m/n/12 ) =
 []


Overfull \hbox (57.71169pt too wide) in paragraph at lines 107--109
\OMS/zplm/m/n/12 F [] \OT1/zplm/m/n/12 =[] [][] \OMS/zplm/m/n/12 F [] \OT1/zplm
/m/n/12 = [][] []\OMS/zplm/m/n/12 F []$\OT1/ppl/m/n/12 .
 []

LaTeX Font Info:    Try loading font information for U+fplmbb on input line 118
.
(/usr/local/texlive/2013/texmf-dist/tex/latex/psnfss/ufplmbb.fd
File: ufplmbb.fd 2003/10/30 Fontinst v1.914 font definitions for U/fplmbb.
) [7]
Overfull \hbox (12.4447pt too wide) in paragraph at lines 129--132
\OT1/ppl/m/n/12 By the \OT1/ppl/b/n/12 ra-tio test \OT1/ppl/m/n/12 (see \OT1/pp
l/b/n/12 [1]\OT1/ppl/m/n/12 ) we can show that the se-ries $[][] []\OMS/zplm/m/
n/12 F [] \OT1/zplm/m/n/12 (\OML/zplm/m/it/12 \OT1/ppl/m/n/12 , \OML/zplm/m/it
/12 ^^L\OT1/zplm/m/n/12 )$
 []


Overfull \hbox (24.27707pt too wide) in paragraph at lines 143--159
\OT1/ppl/m/n/12 Let $\OML/zplm/m/it/12 f\OT1/zplm/m/n/12 (\OML/zplm/m/it/12 x\O
T1/zplm/m/n/12 ) = \OML/zplm/m/it/12 e[]$\OT1/ppl/m/n/12 . We can for-mu-la-te 
its Taylor-Series, stated abo-ve. Let $\OML/zplm/m/it/12 P[]\OT1/zplm/m/n/12 (\
OML/zplm/m/it/12 x\OT1/zplm/m/n/12 )$\OT1/ppl/m/n/12 denote
 []

LaTeX Font Info:    Try loading font information for OMS+ppl on input line 163.

(/usr/local/texlive/2013/texmf-dist/tex/latex/psnfss/omsppl.fd
File: omsppl.fd 
)
LaTeX Font Info:    Font shape `OMS/ppl/m/n' in size <12> not available
(Font)              Font shape `OMS/cmsy/m/n' tried instead on input line 163.
 [8]
Overfull \hbox (11.30933pt too wide) in paragraph at lines 174--183
[]\OT1/ppl/m/n/12 Hence $\OML/zplm/m/it/12 x[] \OT1/zplm/m/n/12 = \OMS/zplm/m/n
/12 j\OML/zplm/m/it/12 i\OMS/zplm/m/n/12 j ^^C \OML/zplm/m/it/12 k[] \OMS/zplm/
m/n/12 ^^C \OML/zplm/m/it/12 w[] \OMS/zplm/m/n/12 ^^C \OML/zplm/m/it/12 h[] \OT
1/zplm/m/n/12 =$$\OML/zplm/m/it/12 k[] \OMS/zplm/m/n/12 ^^C \OML/zplm/m/it/12 w
[] \OMS/zplm/m/n/12 ^^C \OML/zplm/m/it/12 h[] \OT1/zplm/m/n/12 = \OT1/ppl/m/n/1
2 2 \OMS/zplm/m/n/12 ^^C \OT1/zplm/m/n/12 ([]) \OMS/zplm/m/n/12 ^^C
 []


Overfull \hbox (48.70432pt too wide) in paragraph at lines 174--183
\OMS/zplm/m/n/12 j\OML/zplm/m/it/12 f[]\OT1/zplm/m/n/12 (\OML/zplm/m/it/12 x\OT
1/zplm/m/n/12 )\OMS/zplm/m/n/12 j ^^T \OML/zplm/m/it/12 M$ \OT1/ppl/m/n/12 hold
s. With $\OMS/zplm/m/n/12 j\OML/zplm/m/it/12 E[]\OT1/zplm/m/n/12 (\OML/zplm/m/i
t/12 x[]\OT1/zplm/m/n/12 )\OMS/zplm/m/n/12 j ^^T []j\OML/zplm/m/it/12 x[] \OMS/
zplm/m/n/12 ^^@ \OML/zplm/m/it/12 a\OMS/zplm/m/n/12 j[] \OT1/zplm/m/n/12 = []$\
OT1/ppl/m/n/12 we
 []

[9]
Overfull \hbox (74.25032pt too wide) in paragraph at lines 206--206
[] []\OT1/ppl/b/n/12 [2] \OT1/ppl/m/n/12 http://math.jasonbhill.com/courses/fal
l-2010-math-2300-005/lectures/taylor-
 []

[10]
Overfull \hbox (29.16502pt too wide) in paragraph at lines 257--257
[] 
 []

[11] [12]
Overfull \hbox (32.89223pt too wide) in paragraph at lines 304--305
[]\OT1/ppl/m/n/12 using the pre-vious de-fi-ni-ti-on for the re-la-ti-ve re-fle
c-tan-ce ra-dian-ce $\OML/zplm/m/it/12 ^^Z[]\OT1/zplm/m/n/12 (\OML/zplm/m/it/12
 w[]\OT1/ppl/m/n/12 , \OML/zplm/m/it/12 w[]\OT1/zplm/m/n/12 ) =
 []

[13] [14]
Overfull \hbox (20.93388pt too wide) in paragraph at lines 379--382
[]\OT1/ppl/m/n/12 We as-s-u-me, that our gi-ven heigh-field can be re-pre-sen-t
ed as a 2-dimensional
 []


Overfull \hbox (32.81923pt too wide) in paragraph at lines 379--382
\OT1/ppl/m/n/12 box-function. No-te that we can use any ex-pli-cit gi-ven cons-
train-ted 2-dimensional
 []


Overfull \hbox (6.88013pt too wide) in paragraph at lines 388--390
[]\OT1/ppl/m/n/12 A so cal-led bump can be re-pre-sen-ted by our 1-dimensional 
Box-function.
 []

[15] [16] [17]
Overfull \hbox (26.81639pt too wide) in paragraph at lines 490--490
[] 
 []

[18]) [19]
\openout2 = `Chapters/chap3.aux'.

 (./Chapters/chap3.tex) [20



]
\openout2 = `Chapters/chap4.aux'.

 (./Chapters/chap4.tex) [21



]
\openout2 = `Chapters/chap5.aux'.


(./Chapters/chap5.tex) [22



]
\openout2 = `Chapters/chap6.aux'.

 (./Chapters/chap6.tex) [23



] (./thesis.aux
(./Chapters/chap1.aux) (./Chapters/chap2.aux) (./Chapters/chap3.aux)
(./Chapters/chap4.aux) (./Chapters/chap5.aux) (./Chapters/chap6.aux)) ) 
Here is how much of TeX's memory you used:
 1921 strings out of 493315
 23128 string characters out of 6137904
 86303 words of memory out of 5000000
 5295 multiletter control sequences out of 15000+600000
 36679 words of font info for 107 fonts, out of 8000000 for 9000
 957 hyphenation exceptions out of 8191
 27i,15n,26p,844b,229s stack positions out of 5000i,500n,10000p,200000b,80000s
{/usr/lo
cal/texlive/2013/texmf-dist/fonts/enc/dvips/base/8r.enc}</usr/local/texlive/201
3/texmf-dist/fonts/type1/public/amsfonts/cm/cmex10.pfb></usr/local/texlive/2013
/texmf-dist/fonts/type1/public/amsfonts/cm/cmmi10.pfb></usr/local/texlive/2013/
texmf-dist/fonts/type1/public/amsfonts/cm/cmr10.pfb></usr/local/texlive/2013/te
xmf-dist/fonts/type1/public/amsfonts/cm/cmsy10.pfb></usr/local/texlive/2013/tex
mf-dist/fonts/type1/public/mathpazo/fplmbb.pfb></usr/local/texlive/2013/texmf-d
ist/fonts/type1/public/mathpazo/fplmr.pfb></usr/local/texlive/2013/texmf-dist/f
onts/type1/public/mathpazo/fplmri.pfb></usr/local/texlive/2013/texmf-dist/fonts
/type1/urw/palatino/uplb8a.pfb></usr/local/texlive/2013/texmf-dist/fonts/type1/
urw/palatino/uplr8a.pfb></usr/local/texlive/2013/texmf-dist/fonts/type1/urw/pal
atino/uplri8a.pfb>
Output written on thesis.pdf (23 pages, 154847 bytes).
PDF statistics:
 119 PDF objects out of 1000 (max. 8388607)
 83 compressed objects within 1 object stream
 0 named destinations out of 1000 (max. 500000)
 1 words of extra memory for PDF output out of 10000 (max. 10000000)

