#
# A fatal error has been detected by the Java Runtime Environment:
#
#  EXCEPTION_ACCESS_VIOLATION (0xc0000005) at pc=0x0000000001f7fee5, pid=7228, tid=7180
#
# JRE version: Java(TM) SE Runtime Environment (7.0_45-b18) (build 1.7.0_45-b18)
# Java VM: Java HotSpot(TM) 64-Bit Server VM (24.45-b08 mixed mode windows-amd64 compressed oops)
# Problematic frame:
# C  0x0000000001f7fee5
#
# Failed to write core dump. Minidumps are not enabled by default on client versions of Windows
#
# If you would like to submit a bug report, please visit:
#   http://bugreport.sun.com/bugreport/crash.jsp
# The crash happened outside the Java Virtual Machine in native code.
# See problematic frame for where to report the bug.
#

---------------  T H R E A D  ---------------

Current thread (0x0000000010dbc000):  JavaThread "AWT-EventQueue-0" [_thread_in_native, id=7180, stack(0x0000000014630000,0x0000000014730000)]

siginfo: ExceptionCode=0xc0000005, reading address 0x0000000000000000

Registers:
RAX=0x0000000016045400, RBX=0x000000001472c2b0, RCX=0x0000000000000000, RDX=0x000000001a70c8e0
RSP=0x000000001472c0c8, RBP=0x000000000ff00000, RSI=0x0000000000000063, RDI=0x0000000000000063
R8 =0x0000000000000063, R9 =0x000000000000000c, R10=0x0000000000000000, R11=0x0000000000000000
R12=0x0000000000000000, R13=0x0000000000000000, R14=0x0000000057ec0a30, R15=0x0000000000000001
RIP=0x0000000001f7fee5, EFLAGS=0x0000000000010206

Top of Stack: (sp=0x000000001472c0c8)
0x000000001472c0c8:   0000000057eba8f3 00000000160425c0
0x000000001472c0d8:   000000000ff00000 000000001472c2b0
0x000000001472c0e8:   0000000057ec4764 000000001472c2b0
0x000000001472c0f8:   0000000015d9d380 0000000000000001
0x000000001472c108:   0000000000000000 0000000015d9d380
0x000000001472c118:   0000000000000001 0000000057ec4710
0x000000001472c128:   0000000057ec6c1e 000000000ff00000
0x000000001472c138:   00000000160425c0 000000001472c2b0
0x000000001472c148:   000000000ff00000 0000005000000050
0x000000001472c158:   0000000000000005 0000000000000000
0x000000001472c168:   0000000000000000 0000000000000001
0x000000001472c178:   0000000000000000 0000000000000000
0x000000001472c188:   000000000ff00000 0000000015d9d380
0x000000001472c198:   0000000057fac8b4 000000001472c2a0
0x000000001472c1a8:   00000000160425c0 0000000000000000
0x000000001472c1b8:   0000000000000003 0000000000000000 

Instructions: (pc=0x0000000001f7fee5)
0x0000000001f7fec5:   45 85 c0 0f 84 40 00 00 00 41 b9 0c 00 00 00 0f
0x0000000001f7fed5:   8f 0b 00 00 00 41 f7 d8 49 f7 d9 b8 00 00 00 00
0x0000000001f7fee5:   f3 0f 10 01 f3 0f 11 02 f3 0f 10 41 04 f3 0f 11
0x0000000001f7fef5:   42 04 f3 0f 10 41 08 f3 0f 11 42 08 49 03 c9 48 


Register to memory mapping:

RAX=0x0000000016045400 is an unknown value
RBX=0x000000001472c2b0 is pointing into the stack for thread: 0x0000000010dbc000
RCX=0x0000000000000000 is an unknown value
RDX=0x000000001a70c8e0 is an unknown value
RSP=0x000000001472c0c8 is pointing into the stack for thread: 0x0000000010dbc000
RBP=0x000000000ff00000 is an unknown value
RSI=0x0000000000000063 is an unknown value
RDI=0x0000000000000063 is an unknown value
R8 =0x0000000000000063 is an unknown value
R9 =0x000000000000000c is an unknown value
R10=0x0000000000000000 is an unknown value
R11=0x0000000000000000 is an unknown value
R12=0x0000000000000000 is an unknown value
R13=0x0000000000000000 is an unknown value
R14=0x0000000057ec0a30 is an unknown value
R15=0x0000000000000001 is an unknown value


Stack: [0x0000000014630000,0x0000000014730000],  sp=0x000000001472c0c8,  free space=1008k
Native frames: (J=compiled Java code, j=interpreted, Vv=VM code, C=native code)
C  0x0000000001f7fee5

Java frames: (J=compiled Java code, j=interpreted, Vv=VM code)
j  jogamp.opengl.gl4.GL4bcImpl.dispatch_glTexSubImage3D1(IIIIIIIIIILjava/lang/Object;IZJ)V+0
j  jogamp.opengl.gl4.GL4bcImpl.glTexSubImage3D(IIIIIIIIIILjava/nio/Buffer;)V+121
j  ShaderLogic.TaylorGaussianShaderTask.loadMaterialGLShaderUniforms(LMaterials/Material;)V+238
j  jrtr.GLRenderContext.setGLTexture(LMaterials/Material;)V+58
j  jrtr.GLRenderContext.setMaterial(LMaterials/Material;)V+22
j  jrtr.GLRenderContext.draw(Ljrtr/RenderItem;)V+37
j  jrtr.GLRenderContext.display(Ljavax/media/opengl/GLAutoDrawable;)V+52
j  jrtr.GLRenderPanel$GLRenderContextEventListener.display(Ljavax/media/opengl/GLAutoDrawable;)V+5
j  jogamp.opengl.GLDrawableHelper.displayImpl(Ljavax/media/opengl/GLAutoDrawable;)V+47
j  jogamp.opengl.GLDrawableHelper.display(Ljavax/media/opengl/GLAutoDrawable;)V+2
j  javax.media.opengl.awt.GLCanvas$7.run()V+118
j  jogamp.opengl.GLDrawableHelper.invokeGLImpl(Ljavax/media/opengl/GLDrawable;Ljavax/media/opengl/GLContext;Ljava/lang/Runnable;Ljava/lang/Runnable;Ljavax/media/opengl/GLAutoDrawable;)V+137
j  jogamp.opengl.GLDrawableHelper.invokeGL(Ljavax/media/opengl/GLDrawable;Ljavax/media/opengl/GLContext;Ljava/lang/Runnable;Ljava/lang/Runnable;)V+85
j  javax.media.opengl.awt.GLCanvas$9.run()V+59
j  javax.media.opengl.Threading.invoke(ZLjava/lang/Runnable;Ljava/lang/Object;)V+33
j  javax.media.opengl.awt.GLCanvas.display()V+9
j  javax.media.opengl.awt.GLCanvas.paint(Ljava/awt/Graphics;)V+135
j  sun.awt.RepaintArea.paintComponent(Ljava/awt/Component;Ljava/awt/Graphics;)V+6
j  sun.awt.RepaintArea.paint(Ljava/lang/Object;Z)V+326
j  sun.awt.windows.WComponentPeer.handleEvent(Ljava/awt/AWTEvent;)V+155
j  java.awt.Component.dispatchEventImpl(Ljava/awt/AWTEvent;)V+869
j  java.awt.Component.dispatchEvent(Ljava/awt/AWTEvent;)V+2
j  java.awt.EventQueue.dispatchEventImpl(Ljava/awt/AWTEvent;Ljava/lang/Object;)V+41
j  java.awt.EventQueue.access$200(Ljava/awt/EventQueue;Ljava/awt/AWTEvent;Ljava/lang/Object;)V+3
j  java.awt.EventQueue$3.run()Ljava/lang/Void;+12
j  java.awt.EventQueue$3.run()Ljava/lang/Object;+1
v  ~StubRoutines::call_stub
j  java.security.AccessController.doPrivileged(Ljava/security/PrivilegedAction;Ljava/security/AccessControlContext;)Ljava/lang/Object;+0
j  java.security.ProtectionDomain$1.doIntersectionPrivilege(Ljava/security/PrivilegedAction;Ljava/security/AccessControlContext;Ljava/security/AccessControlContext;)Ljava/lang/Object;+28
j  java.security.ProtectionDomain$1.doIntersectionPrivilege(Ljava/security/PrivilegedAction;Ljava/security/AccessControlContext;)Ljava/lang/Object;+6
j  java.awt.EventQueue$4.run()Ljava/lang/Void;+11
j  java.awt.EventQueue$4.run()Ljava/lang/Object;+1
v  ~StubRoutines::call_stub
j  java.security.AccessController.doPrivileged(Ljava/security/PrivilegedAction;Ljava/security/AccessControlContext;)Ljava/lang/Object;+0
j  java.security.ProtectionDomain$1.doIntersectionPrivilege(Ljava/security/PrivilegedAction;Ljava/security/AccessControlContext;Ljava/security/AccessControlContext;)Ljava/lang/Object;+28
j  java.awt.EventQueue.dispatchEvent(Ljava/awt/AWTEvent;)V+73
j  java.awt.EventDispatchThread.pumpOneEventForFilters(I)V+245
j  java.awt.EventDispatchThread.pumpEventsForFilter(ILjava/awt/Conditional;Ljava/awt/EventFilter;)V+35
j  java.awt.EventDispatchThread.pumpEventsForHierarchy(ILjava/awt/Conditional;Ljava/awt/Component;)V+11
j  java.awt.EventDispatchThread.pumpEvents(ILjava/awt/Conditional;)V+4
j  java.awt.EventDispatchThread.pumpEvents(Ljava/awt/Conditional;)V+3
j  java.awt.EventDispatchThread.run()V+9
v  ~StubRoutines::call_stub

---------------  P R O C E S S  ---------------

Java Threads: ( => current thread )
  0x0000000010e91000 JavaThread "Timer-0" [_thread_blocked, id=3884, stack(0x0000000017bf0000,0x0000000017cf0000)]
  0x000000000214e000 JavaThread "DestroyJavaVM" [_thread_blocked, id=5392, stack(0x0000000001fd0000,0x00000000020d0000)]
  0x0000000010e8e800 JavaThread "D3D Screen Updater" daemon [_thread_blocked, id=7736, stack(0x00000000178e0000,0x00000000179e0000)]
  0x0000000010d29000 JavaThread "main-SharedResourceRunner" daemon [_thread_blocked, id=1572, stack(0x0000000015880000,0x0000000015980000)]
=>0x0000000010dbc000 JavaThread "AWT-EventQueue-0" [_thread_in_native, id=7180, stack(0x0000000014630000,0x0000000014730000)]
  0x0000000010dbb800 JavaThread "AWT-Windows" daemon [_thread_in_native, id=5448, stack(0x00000000120c0000,0x00000000121c0000)]
  0x0000000010d32800 JavaThread "AWT-Shutdown" [_thread_blocked, id=1612, stack(0x0000000011e90000,0x0000000011f90000)]
  0x000000000eacd800 JavaThread "Java2D Disposer" daemon [_thread_blocked, id=7900, stack(0x0000000011fa0000,0x00000000120a0000)]
  0x000000000e85a000 JavaThread "Service Thread" daemon [_thread_blocked, id=1052, stack(0x0000000010860000,0x0000000010960000)]
  0x000000000e857800 JavaThread "C2 CompilerThread1" daemon [_thread_blocked, id=4940, stack(0x00000000106b0000,0x00000000107b0000)]
  0x000000000e84e800 JavaThread "C2 CompilerThread0" daemon [_thread_blocked, id=7724, stack(0x000000000fcc0000,0x000000000fdc0000)]
  0x000000000e84c000 JavaThread "Attach Listener" daemon [_thread_blocked, id=7420, stack(0x00000000104c0000,0x00000000105c0000)]
  0x000000000e849000 JavaThread "Signal Dispatcher" daemon [_thread_blocked, id=5328, stack(0x0000000010330000,0x0000000010430000)]
  0x000000000e803000 JavaThread "Finalizer" daemon [_thread_blocked, id=7608, stack(0x00000000101a0000,0x00000000102a0000)]
  0x000000000e802000 JavaThread "Reference Handler" daemon [_thread_blocked, id=4692, stack(0x000000000fff0000,0x00000000100f0000)]

Other Threads:
  0x000000000e800800 VMThread [stack: 0x000000000fe00000,0x000000000ff00000] [id=6268]
  0x000000000e86b800 WatcherThread [stack: 0x0000000010a70000,0x0000000010b70000] [id=8060]

VM state:not at safepoint (normal execution)

VM Mutex/Monitor currently owned by a thread: None

Heap
 PSYoungGen      total 57344K, used 36075K [0x00000007c0080000, 0x00000007c7080000, 0x0000000800000000)
  eden space 49152K, 57% used [0x00000007c0080000,0x00000007c1bfd5a8,0x00000007c3080000)
  from space 8192K, 96% used [0x00000007c3880000,0x00000007c403d8f0,0x00000007c4080000)
  to   space 8192K, 0% used [0x00000007c3080000,0x00000007c3080000,0x00000007c3880000)
 ParOldGen       total 130560K, used 16K [0x0000000740200000, 0x0000000748180000, 0x00000007c0080000)
  object space 130560K, 0% used [0x0000000740200000,0x0000000740204000,0x0000000748180000)
 PSPermGen       total 21504K, used 15935K [0x000000073b000000, 0x000000073c500000, 0x0000000740200000)
  object space 21504K, 74% used [0x000000073b000000,0x000000073bf8fd58,0x000000073c500000)

Card table byte_map: [0x0000000005210000,0x0000000005840000] byte_map_base: 0x0000000001838000

Polling page: 0x0000000000100000

Code Cache  [0x0000000002150000, 0x00000000023c0000, 0x0000000005150000)
 total_blobs=858 nmethods=168 adapters=643 free_code_cache=48138Kb largest_free_block=49268288

Compilation events (10 events):
Event: 1.471 Thread 0x000000000e857800 nmethod 164 0x000000000222a750 code [0x000000000222a880, 0x000000000222a918]
Event: 1.471 Thread 0x000000000e857800  165             java.util.ArrayList::get (11 bytes)
Event: 1.471 Thread 0x000000000e857800 nmethod 165 0x000000000224e210 code [0x000000000224e340, 0x000000000224e3f8]
Event: 1.474 Thread 0x000000000e857800  166 %           jrtr.Shape::calculateBoundingSphere @ 31 (307 bytes)
Event: 1.478 Thread 0x000000000e84e800 nmethod 162% 0x000000000224e850 code [0x000000000224ea40, 0x000000000224f3c8]
Event: 1.478 Thread 0x000000000e84e800  167             javax.vecmath.Vector3f::length (35 bytes)
Event: 1.478 Thread 0x000000000e84e800 nmethod 167 0x000000000222a4d0 code [0x000000000222a600, 0x000000000222a678]
Event: 1.479 Thread 0x000000000e857800 nmethod 166% 0x0000000002249410 code [0x0000000002249580, 0x0000000002249c78]
Event: 1.479 Thread 0x000000000e84e800  168 %           jrtr.Shape::calculateBoundingSphere @ 154 (307 bytes)
Event: 1.486 Thread 0x000000000e84e800 nmethod 168% 0x0000000002252e10 code [0x0000000002252f80, 0x00000000022534f8]

GC Heap History (4 events):
Event: 1.074 GC heap before
{Heap before GC invocations=1 (full 0):
 PSYoungGen      total 57344K, used 49148K [0x00000007c0080000, 0x00000007c4080000, 0x0000000800000000)
  eden space 49152K, 99% used [0x00000007c0080000,0x00000007c307f110,0x00000007c3080000)
  from space 8192K, 0% used [0x00000007c3880000,0x00000007c3880000,0x00000007c4080000)
  to   space 8192K, 0% used [0x00000007c3080000,0x00000007c3080000,0x00000007c3880000)
 ParOldGen       total 130560K, used 0K [0x0000000740200000, 0x0000000748180000, 0x00000007c0080000)
  object space 130560K, 0% used [0x0000000740200000,0x0000000740200000,0x0000000748180000)
 PSPermGen       total 21504K, used 15734K [0x000000073b000000, 0x000000073c500000, 0x0000000740200000)
  object space 21504K, 73% used [0x000000073b000000,0x000000073bf5daa0,0x000000073c500000)
Event: 1.080 GC heap after
Heap after GC invocations=1 (full 0):
 PSYoungGen      total 57344K, used 4149K [0x00000007c0080000, 0x00000007c4080000, 0x0000000800000000)
  eden space 49152K, 0% used [0x00000007c0080000,0x00000007c0080000,0x00000007c3080000)
  from space 8192K, 50% used [0x00000007c3080000,0x00000007c348d790,0x00000007c3880000)
  to   space 8192K, 0% used [0x00000007c3880000,0x00000007c3880000,0x00000007c4080000)
 ParOldGen       total 130560K, used 8K [0x0000000740200000, 0x0000000748180000, 0x00000007c0080000)
  object space 130560K, 0% used [0x0000000740200000,0x0000000740202000,0x0000000748180000)
 PSPermGen       total 21504K, used 15734K [0x000000073b000000, 0x000000073c500000, 0x0000000740200000)
  object space 21504K, 73% used [0x000000073b000000,0x000000073bf5daa0,0x000000073c500000)
}
Event: 1.416 GC heap before
{Heap before GC invocations=2 (full 0):
 PSYoungGen      total 57344K, used 53301K [0x00000007c0080000, 0x00000007c4080000, 0x0000000800000000)
  eden space 49152K, 100% used [0x00000007c0080000,0x00000007c3080000,0x00000007c3080000)
  from space 8192K, 50% used [0x00000007c3080000,0x00000007c348d790,0x00000007c3880000)
  to   space 8192K, 0% used [0x00000007c3880000,0x00000007c3880000,0x00000007c4080000)
 ParOldGen       total 130560K, used 8K [0x0000000740200000, 0x0000000748180000, 0x00000007c0080000)
  object space 130560K, 0% used [0x0000000740200000,0x0000000740202000,0x0000000748180000)
 PSPermGen       total 21504K, used 15896K [0x000000073b000000, 0x000000073c500000, 0x0000000740200000)
  object space 21504K, 73% used [0x000000073b000000,0x000000073bf860d0,0x000000073c500000)
Event: 1.421 GC heap after
Heap after GC invocations=2 (full 0):
 PSYoungGen      total 57344K, used 7926K [0x00000007c0080000, 0x00000007c7080000, 0x0000000800000000)
  eden space 49152K, 0% used [0x00000007c0080000,0x00000007c0080000,0x00000007c3080000)
  from space 8192K, 96% used [0x00000007c3880000,0x00000007c403d8f0,0x00000007c4080000)
  to   space 8192K, 0% used [0x00000007c3080000,0x00000007c3080000,0x00000007c3880000)
 ParOldGen       total 130560K, used 16K [0x0000000740200000, 0x0000000748180000, 0x00000007c0080000)
  object space 130560K, 0% used [0x0000000740200000,0x0000000740204000,0x0000000748180000)
 PSPermGen       total 21504K, used 15896K [0x000000073b000000, 0x000000073c500000, 0x0000000740200000)
  object space 21504K, 73% used [0x000000073b000000,0x000000073bf860d0,0x000000073c500000)
}

Deoptimization events (10 events):
Event: 0.960 Thread 0x0000000010dbb800 Uncommon trap: reason=bimorphic action=maybe_recompile pc=0x00000000021fe430 method=java.util.HashMap.getEntry(Ljava/lang/Object;)Ljava/util/HashMap$Entry; @ 68
Event: 0.960 Thread 0x0000000010dbb800 Uncommon trap: reason=bimorphic action=maybe_recompile pc=0x00000000021fe430 method=java.util.HashMap.getEntry(Ljava/lang/Object;)Ljava/util/HashMap$Entry; @ 68
Event: 1.083 Thread 0x0000000010dbc000 Uncommon trap: reason=unreached action=reinterpret pc=0x000000000220ff8c method=java.io.BufferedReader.readLine(Z)Ljava/lang/String; @ 192
Event: 1.239 Thread 0x0000000010dbc000 Uncommon trap: reason=unreached action=reinterpret pc=0x0000000002216d2c method=java.util.LinkedList.linkLast(Ljava/lang/Object;)V @ 22
Event: 1.481 Thread 0x0000000010dbc000 Uncommon trap: reason=unreached action=reinterpret pc=0x000000000222ac48 method=java.util.ArrayList.ensureCapacityInternal(I)V @ 7
Event: 1.482 Thread 0x0000000010dbc000 Uncommon trap: reason=class_check action=maybe_recompile pc=0x0000000002239fd0 method=java.io.Writer.write(Ljava/lang/String;)V @ 7
Event: 1.482 Thread 0x0000000010dbc000 Uncommon trap: reason=class_check action=maybe_recompile pc=0x0000000002239fd0 method=java.io.Writer.write(Ljava/lang/String;)V @ 7
Event: 1.482 Thread 0x0000000010dbc000 Uncommon trap: reason=class_check action=maybe_recompile pc=0x0000000002239fd0 method=java.io.Writer.write(Ljava/lang/String;)V @ 7
Event: 1.482 Thread 0x0000000010dbc000 Uncommon trap: reason=class_check action=maybe_recompile pc=0x0000000002239fd0 method=java.io.Writer.write(Ljava/lang/String;)V @ 7
Event: 1.482 Thread 0x0000000010dbc000 Uncommon trap: reason=unreached action=reinterpret pc=0x0000000002244b58 method=java.util.ArrayList.ensureCapacityInternal(I)V @ 7

Internal exceptions (10 events):
Event: 1.302 Thread 0x0000000010dbc000 Threw 0x00000007c245dcc8 at C:\re\jdk7u45\229\hotspot\src\share\vm\prims\jvm.cpp:1244
Event: 1.302 Thread 0x0000000010dbc000 Threw 0x00000007c245fb58 at C:\re\jdk7u45\229\hotspot\src\share\vm\prims\jvm.cpp:1244
Event: 1.465 Thread 0x0000000010dbc000 Threw 0x00000007c1963510 at C:\re\jdk7u45\229\hotspot\src\share\vm\prims\jvm.cpp:1244
Event: 1.480 Thread 0x0000000010dbc000 Threw 0x00000007c1b51a90 at C:\re\jdk7u45\229\hotspot\src\share\vm\prims\jvm.cpp:1244
Event: 1.480 Thread 0x0000000010dbc000 Threw 0x00000007c1b537d0 at C:\re\jdk7u45\229\hotspot\src\share\vm\prims\jvm.cpp:1244
Event: 1.481 Thread 0x0000000010dbc000 Threw 0x00000007c1b55ba8 at C:\re\jdk7u45\229\hotspot\src\share\vm\prims\jvm.cpp:1244
Event: 1.481 Thread 0x0000000010dbc000 Threw 0x00000007c1b59d78 at C:\re\jdk7u45\229\hotspot\src\share\vm\prims\jvm.cpp:1244
Event: 1.481 Thread 0x0000000010dbc000 Threw 0x00000007c1b5ba88 at C:\re\jdk7u45\229\hotspot\src\share\vm\prims\jvm.cpp:1244
Event: 1.483 Thread 0x0000000010dbc000 Threw 0x00000007c1b5ee38 at C:\re\jdk7u45\229\hotspot\src\share\vm\prims\jvm.cpp:1244
Event: 1.483 Thread 0x0000000010dbc000 Threw 0x00000007c1b62b18 at C:\re\jdk7u45\229\hotspot\src\share\vm\prims\jvm.cpp:1244

Events (10 events):
Event: 1.482 Thread 0x0000000010dbc000 Uncommon trap: trap_request=0xffffffde fr.pc=0x0000000002239fd0
Event: 1.482 Thread 0x0000000010dbc000 DEOPT PACKING pc=0x0000000002239fd0 sp=0x000000001472c850
Event: 1.482 Thread 0x0000000010dbc000 DEOPT UNPACKING pc=0x0000000002189064 sp=0x000000001472c7e0 mode 2
Event: 1.482 Thread 0x0000000010dbc000 Uncommon trap: trap_request=0xffffffad fr.pc=0x0000000002244b58
Event: 1.482 Thread 0x0000000010dbc000 DEOPT PACKING pc=0x0000000002244b58 sp=0x000000001472ca20
Event: 1.482 Thread 0x0000000010dbc000 DEOPT UNPACKING pc=0x0000000002189064 sp=0x000000001472c9c0 mode 2
Event: 1.483 loading class 0x000000000e870690
Event: 1.483 loading class 0x000000000e870690 done
Event: 1.483 loading class 0x0000000010dc3030
Event: 1.483 loading class 0x0000000010dc3030 done


Dynamic libraries:
0x000000013f760000 - 0x000000013f793000 	C:\Program Files\Java\jre7\bin\javaw.exe
0x00000000772f0000 - 0x000000007749c000 	C:\Windows\SYSTEM32\ntdll.dll
0x00000000770d0000 - 0x00000000771ef000 	C:\Windows\system32\kernel32.dll
0x000007fefd3e0000 - 0x000007fefd44c000 	C:\Windows\system32\KERNELBASE.dll
0x000007feff200000 - 0x000007feff2db000 	C:\Windows\system32\ADVAPI32.dll
0x000007fefd640000 - 0x000007fefd6df000 	C:\Windows\system32\msvcrt.dll
0x000007fefd620000 - 0x000007fefd63f000 	C:\Windows\SYSTEM32\sechost.dll
0x000007fefdc20000 - 0x000007fefdd4e000 	C:\Windows\system32\RPCRT4.dll
0x00000000771f0000 - 0x00000000772ea000 	C:\Windows\system32\USER32.dll
0x000007fefdd50000 - 0x000007fefddb7000 	C:\Windows\system32\GDI32.dll
0x000007feff4b0000 - 0x000007feff4be000 	C:\Windows\system32\LPK.dll
0x000007feff2e0000 - 0x000007feff3aa000 	C:\Windows\system32\USP10.dll
0x000007fefbc40000 - 0x000007fefbe34000 	C:\Windows\WinSxS\amd64_microsoft.windows.common-controls_6595b64144ccf1df_6.0.7600.16661_none_fa62ad231704eab7\COMCTL32.dll
0x000007feff3b0000 - 0x000007feff421000 	C:\Windows\system32\SHLWAPI.dll
0x000007fefed40000 - 0x000007fefed6e000 	C:\Windows\system32\IMM32.DLL
0x000007fefd6e0000 - 0x000007fefd7e9000 	C:\Windows\system32\MSCTF.dll
0x0000000065b00000 - 0x0000000065bd2000 	C:\Program Files\Java\jre7\bin\msvcr100.dll
0x000000005e1d0000 - 0x000000005e999000 	C:\Program Files\Java\jre7\bin\server\jvm.dll
0x000007feedb00000 - 0x000007feedb09000 	C:\Windows\system32\WSOCK32.dll
0x000007feff4c0000 - 0x000007feff50d000 	C:\Windows\system32\WS2_32.dll
0x000007feff510000 - 0x000007feff518000 	C:\Windows\system32\NSI.dll
0x000007fefb000000 - 0x000007fefb03b000 	C:\Windows\system32\WINMM.dll
0x00000000774c0000 - 0x00000000774c7000 	C:\Windows\system32\PSAPI.DLL
0x0000000066000000 - 0x000000006600f000 	C:\Program Files\Java\jre7\bin\verify.dll
0x0000000065c90000 - 0x0000000065cb8000 	C:\Program Files\Java\jre7\bin\java.dll
0x0000000065c70000 - 0x0000000065c85000 	C:\Program Files\Java\jre7\bin\zip.dll
0x0000000074cc0000 - 0x0000000074e55000 	C:\Program Files\Java\jre7\bin\awt.dll
0x000007feff520000 - 0x000007feff5f7000 	C:\Windows\system32\OLEAUT32.dll
0x000007fefed70000 - 0x000007fefef72000 	C:\Windows\system32\ole32.dll
0x000007fefcae0000 - 0x000007fefcaf7000 	C:\Windows\system32\CRYPTSP.dll
0x000007fefc7e0000 - 0x000007fefc827000 	C:\Windows\system32\rsaenh.dll
0x000007fefc540000 - 0x000007fefc55e000 	C:\Windows\system32\USERENV.dll
0x000007fefd250000 - 0x000007fefd25f000 	C:\Windows\system32\profapi.dll
0x000007fefd180000 - 0x000007fefd18f000 	C:\Windows\system32\CRYPTBASE.dll
0x0000000065c50000 - 0x0000000065c69000 	C:\Program Files\Java\jre7\bin\net.dll
0x000007fefc3f0000 - 0x000007fefc42e000 	C:\Program Files (x86)\Avira\AntiVir Desktop\avsda64.dll
0x000007fefc3c0000 - 0x000007fefc3e7000 	C:\Windows\system32\IPHLPAPI.DLL
0x000007fefc3b0000 - 0x000007fefc3bb000 	C:\Windows\system32\WINNSI.DLL
0x000007fefca80000 - 0x000007fefcad4000 	C:\Windows\system32\mswsock.dll
0x000007fefca70000 - 0x000007fefca77000 	C:\Windows\System32\wship6.dll
0x000007fefb1e0000 - 0x000007fefb1f5000 	C:\Windows\system32\NLAapi.dll
0x000007fefc900000 - 0x000007fefc95b000 	C:\Windows\system32\DNSAPI.dll
0x000007fef4550000 - 0x000007fef455b000 	C:\Windows\System32\winrnr.dll
0x000007fef4530000 - 0x000007fef4545000 	C:\Windows\system32\napinsp.dll
0x000007fef4510000 - 0x000007fef4529000 	C:\Windows\system32\pnrpnsp.dll
0x000007fef44e0000 - 0x000007fef450f000 	C:\Program Files\Common Files\Microsoft Shared\Windows Live\WLIDNSP.DLL
0x000007fefc390000 - 0x000007fefc397000 	C:\Windows\System32\wshtcpip.dll
0x000007fef43f0000 - 0x000007fef43f8000 	C:\Windows\system32\rasadhlp.dll
0x000007fefabb0000 - 0x000007fefac03000 	C:\Windows\System32\fwpuclnt.dll
0x0000000065c30000 - 0x0000000065c41000 	C:\Program Files\Java\jre7\bin\nio.dll
0x00000000637c0000 - 0x00000000637ca000 	C:\Users\simplaY\AppData\Local\Temp\jogamp_0000\file_cache\jln4575724439239964393\jln5856352205774651402\gluegen-rt.dll
0x000007fefb900000 - 0x000007fefb956000 	C:\Windows\system32\uxtheme.dll
0x0000000180000000 - 0x000000018032e000 	E:\Program Files (x86)\Xfire\xfire_toucan64_46139.xll
0x000007fef9ec0000 - 0x000007fef9ec7000 	C:\Windows\system32\MSIMG32.dll
0x000007fefb520000 - 0x000007fefb538000 	C:\Windows\system32\dwmapi.dll
0x0000000074cb0000 - 0x0000000074cb7000 	C:\Program Files\Java\jre7\bin\jawt.dll
0x000000006a440000 - 0x000000006a44b000 	C:\Users\simplaY\AppData\Local\Temp\jogamp_0000\file_cache\jln4575724439239964393\jln5856352205774651402\nativewindow_awt.dll
0x000007fef64a0000 - 0x000007fef669f000 	C:\Windows\system32\d3d9.dll
0x000007fefc3a0000 - 0x000007fefc3ac000 	C:\Windows\system32\VERSION.dll
0x000007fef6490000 - 0x000007fef6497000 	C:\Windows\system32\d3d8thk.dll
0x000007fee73a0000 - 0x000007fee84f2000 	C:\Windows\system32\nvd3dumx.dll
0x000007fefbb40000 - 0x000007fefbb6c000 	C:\Windows\system32\powrprof.dll
0x000007feff020000 - 0x000007feff1f7000 	C:\Windows\system32\SETUPAPI.dll
0x000007fefd3a0000 - 0x000007fefd3d6000 	C:\Windows\system32\CFGMGR32.dll
0x000007fefd5c0000 - 0x000007fefd5da000 	C:\Windows\system32\DEVOBJ.dll
0x000007feecde0000 - 0x000007feecf42000 	C:\Program Files (x86)\NVIDIA Corporation\3D Vision\nvSCPAPI64.dll
0x000007fefddc0000 - 0x000007fefeb47000 	C:\Windows\system32\SHELL32.dll
0x0000000013d90000 - 0x0000000013e9d000 	C:\Windows\system32\nvspcap64.dll
0x000007fef98d0000 - 0x000007fef9be4000 	C:\Windows\system32\nvapi64.dll
0x000007fefd5e0000 - 0x000007fefd619000 	C:\Windows\system32\WINTRUST.dll
0x000007fefd450000 - 0x000007fefd5ba000 	C:\Windows\system32\CRYPT32.dll
0x000007fefd2f0000 - 0x000007fefd2ff000 	C:\Windows\system32\MSASN1.dll
0x000000006c100000 - 0x000000006c10b000 	C:\Users\simplaY\AppData\Local\Temp\jogamp_0000\file_cache\jln4575724439239964393\jln5856352205774651402\nativewindow_win32.dll
0x000007fef1be0000 - 0x000007fef1cfd000 	C:\Windows\system32\OpenGL32.dll
0x000007fef1bb0000 - 0x000007fef1bdd000 	C:\Windows\system32\GLU32.dll
0x000007fef1790000 - 0x000007fef1881000 	C:\Windows\system32\DDRAW.dll
0x000007fef0610000 - 0x000007fef0618000 	C:\Windows\system32\DCIMAN32.dll
0x0000000064500000 - 0x000000006458d000 	C:\Users\simplaY\AppData\Local\Temp\jogamp_0000\file_cache\jln4575724439239964393\jln5856352205774651402\jogl_desktop.dll
0x0000000057720000 - 0x0000000059447000 	C:\Windows\system32\nvoglv64.DLL
0x000007fefb4b0000 - 0x000007fefb4dd000 	C:\Windows\system32\ntmarta.dll
0x000007fefecf0000 - 0x000007fefed40000 	C:\Windows\system32\WLDAP32.dll
0x0000000074c60000 - 0x0000000074ca6000 	C:\Program Files\Java\jre7\bin\fontmanager.dll
0x0000000074c10000 - 0x0000000074c51000 	C:\Program Files\Java\jre7\bin\t2k.dll
0x000007fefd920000 - 0x000007fefd9b9000 	C:\Windows\system32\CLBCatQ.DLL
0x000007fefb380000 - 0x000007fefb4aa000 	C:\Windows\system32\WindowsCodecs.dll
0x000007fefd120000 - 0x000007fefd177000 	C:\Windows\system32\apphelp.dll
0x000007fef26a0000 - 0x000007fef26cb000 	C:\Users\simplaY\AppData\Roaming\Dropbox\bin\DropboxExt64.19.dll
0x000007fef2570000 - 0x000007fef2695000 	C:\Windows\system32\dbghelp.dll
0x0000000071310000 - 0x00000000713e3000 	C:\Windows\WinSxS\amd64_microsoft.vc90.crt_1fc8b3b9a1e18e3b_9.0.30729.6161_none_08e61857a83bc251\MSVCP90.dll
0x0000000070580000 - 0x0000000070623000 	C:\Windows\WinSxS\amd64_microsoft.vc90.crt_1fc8b3b9a1e18e3b_9.0.30729.6161_none_08e61857a83bc251\MSVCR90.dll
0x000007fef2530000 - 0x000007fef2565000 	C:\Windows\system32\EhStorShell.dll
0x000007fefb980000 - 0x000007fefbaac000 	C:\Windows\system32\PROPSYS.dll
0x000007fef24b0000 - 0x000007fef252e000 	C:\Windows\System32\cscui.dll
0x000007fef24a0000 - 0x000007fef24ac000 	C:\Windows\System32\CSCDLL.dll
0x000007fef3700000 - 0x000007fef370f000 	C:\Windows\system32\CSCAPI.dll
0x000007fef2420000 - 0x000007fef24a0000 	C:\Windows\system32\ntshrui.dll
0x000007fefcdc0000 - 0x000007fefcde3000 	C:\Windows\system32\srvcli.dll
0x000007fefaed0000 - 0x000007fefaedb000 	C:\Windows\system32\slc.dll

VM Arguments:
jvm_args: -Djava.library.path=E:\5th_semester\cg\gluegen-2.0-b584-20120826-windows-amd64\lib;E:\5th_semester\cg\jogl-2.0-b798-20120826-windows-amd64\lib;E:\5th_semester\cg\gluegen-2.0-b584-20120826-windows-amd64\lib;E:\5th_semester\cg\jogl-2.0-b798-20120826-windows-amd64\lib -Dfile.encoding=Cp1252 
java_command: Main
Launcher Type: SUN_STANDARD

Environment Variables:
PATH=C:\Program Files (x86)\NVIDIA Corporation\PhysX\Common;C:\Program Files (x86)\Haskell\bin;E:\Program Files (x86)\Haskell Platform\2011.4.0.0\lib\extralibs\bin;E:\Program Files (x86)\Haskell Platform\2011.4.0.0\bin;C:\Program Files\Common Files\Microsoft Shared\Windows Live;C:\Program Files (x86)\Common Files\Microsoft Shared\Windows Live;C:\Windows\system32;C:\Windows;C:\Windows\System32\Wbem;C:\Windows\System32\WindowsPowerShell\v1.0\;C:\Program Files\Intel\DMIX;C:\Python27;C:\Program Files (x86)\Windows Live\Shared;QUARTUS_ROOTDIR\bin;E:\Program Files (x86)\WinSCP\;E:\Program Files (x86)\MiKTeX 2.9\miktex\bin\;C:\Users\simplaY\AppData\Roaming\cabal\bin;E:\RailsInstaller\Git\cmd;E:\RailsInstaller\Ruby1.9.2\bin;C:\Program Files (x86)\Haskell\bin;E:\ghc\ghc-7.0.3\bin;C:\Program Files\Java\jdk1.6.0_24\bin;E:\Development\play-2.0.1;E:\gource
USERNAME=simplaY
OS=Windows_NT
PROCESSOR_IDENTIFIER=Intel64 Family 6 Model 44 Stepping 2, GenuineIntel



---------------  S Y S T E M  ---------------

OS: Windows 7 , 64 bit Build 7600 

CPU:total 12 (6 cores per cpu, 2 threads per core) family 6 model 44 stepping 2, cmov, cx8, fxsr, mmx, sse, sse2, sse3, ssse3, sse4.1, sse4.2, popcnt, aes, ht, tsc, tscinvbit, tscinv

Memory: 4k page, physical 12573816k(8436292k free), swap 25145724k(18289176k free)

vm_info: Java HotSpot(TM) 64-Bit Server VM (24.45-b08) for windows-amd64 JRE (1.7.0_45-b18), built on Oct  8 2013 05:47:22 by "java_re" with unknown MS VC++:1600

time: Mon Dec 02 18:09:46 2013
elapsed time: 1 seconds

